JUnit version 4.13.2
.E.
Time: 0.611
There was 1 failure:
1) testMergeRightEnd(TestListExamples)
org.junit.runners.model.TestTimedOutException: test timed out after 500 milliseconds
	at java.base/java.lang.System.arraycopy(Native Method)
	at java.base/java.util.Arrays.copyOf(Arrays.java:3514)
	at java.base/java.util.Arrays.copyOf(Arrays.java:3481)
	at java.base/java.util.ArrayList.grow(ArrayList.java:237)
	at java.base/java.util.ArrayList.grow(ArrayList.java:244)
	at java.base/java.util.ArrayList.add(ArrayList.java:454)
	at java.base/java.util.ArrayList.add(ArrayList.java:467)
	at ListExamples.merge(ListExamples.java:42)
	at TestListExamples.testMergeRightEnd(TestListExamples.java:17)

FAILURES!!!
Tests run: 2,  Failures: 1

